<?xml version="1.0" encoding="UTF-8"?>
<!-- Generated by org.testng.reporters.JUnitReportReporter -->
<testsuite hostname="DESKTOP-FPNEB84" failures="0" tests="1" name="TestngEx.exp_Wd_Testng" time="6.392" errors="0" timestamp="2023-09-06T20:13:06 IST" skipped="0">
  <testcase classname="TestngEx.exp_Wd_Testng" name="tc001" time="6.392">
    <system-out>
      <![CDATA[Application opened
Login completed
Logout completed]]>
    </system-out>
  </testcase> <!-- tc001 -->
  <system-out>
    <![CDATA[Application opened
Login completed
Logout completed]]>
  </system-out>
</testsuite> <!-- TestngEx.exp_Wd_Testng -->
